[2026-06-13 07:00:54] [INFO] Motor JAH inicializado correctamente (v0.1.0)
[2026-06-13 07:00:54] [DEBUG] Agente registrado e inicializado: GatewayAgent
[2026-06-13 07:00:54] [DEBUG] Agente registrado e inicializado: MemoryAgent
[2026-06-13 07:00:54] [DEBUG] Agente registrado e inicializado: ObserverAgent
[2026-06-13 07:00:54] [DEBUG] [gatewayagent_6a2d5486a83ac6.38140947] Procesando evento del tipo: system.boot
[2026-06-13 07:00:54] [INFO] [gatewayagent_6a2d5486a83ac6.38140947] Gateway listo para recibir tráfico.
[2026-06-13 07:00:54] [WARNING] [memoryagent_6a2d5486a83f88.06895414] No se pudo conectar a la base de datos: SQLSTATE[HY000] [1045] Access denied for user 'jah_user'@'localhost' (using password: NO)
[2026-06-13 07:00:54] [INFO] [memoryagent_6a2d5486a83f88.06895414] Memory Agent conectado a base de datos.
[2026-06-13 07:00:54] [WARNING] [memoryagent_6a2d5486a83f88.06895414] Base de datos no disponible. Ignorando guardado de evento: system.boot
[2026-06-13 07:00:54] [INFO] [observeragent_6a2d5486a84479.75472000] Observer Agent monitoreando el sistema.
[2026-06-13 07:00:54] [DEBUG] [observeragent_6a2d5486a84479.75472000] Métricas obtenidas: CPU Load: 1.17138671875, 0.7373046875, 0.6025390625 | RAM Libre: 56587 MB | Disco Libre: 72.53 GB
[2026-06-13 07:00:54] [DEBUG] [gatewayagent_6a2d5486a83ac6.38140947] Procesando evento del tipo: gateway.inbound
[2026-06-13 07:00:54] [INFO] [gatewayagent_6a2d5486a83ac6.38140947] Petición validada correctamente: test
[2026-06-13 07:00:54] [WARNING] [memoryagent_6a2d5486a83f88.06895414] No se pudo conectar a la base de datos: SQLSTATE[HY000] [1045] Access denied for user 'jah_user'@'localhost' (using password: NO)
[2026-06-13 07:00:54] [WARNING] [memoryagent_6a2d5486a83f88.06895414] Base de datos no disponible. Ignorando guardado de evento: gateway.validated
[2026-06-13 07:00:54] [DEBUG] Agente detenido: GatewayAgent
[2026-06-13 07:00:54] [DEBUG] Agente detenido: MemoryAgent
[2026-06-13 07:00:54] [DEBUG] Agente detenido: ObserverAgent
[2026-06-13 07:00:54] [INFO] Motor JAH detenido.
[2026-06-13 07:01:02] [INFO] Motor JAH inicializado correctamente (v0.1.0)
[2026-06-13 07:01:02] [DEBUG] Agente registrado e inicializado: GatewayAgent
[2026-06-13 07:01:02] [DEBUG] Agente registrado e inicializado: MemoryAgent
[2026-06-13 07:01:02] [DEBUG] Agente registrado e inicializado: ObserverAgent
[2026-06-13 07:01:02] [DEBUG] Agente registrado e inicializado: PredictorAgent
[2026-06-13 07:01:02] [DEBUG] Agente registrado e inicializado: OrchestratorAgent
[2026-06-13 07:01:02] [DEBUG] Agente registrado e inicializado: NetworkAgent
[2026-06-13 07:01:02] [DEBUG] Agente registrado e inicializado: WorkerAgent
[2026-06-13 07:01:02] [DEBUG] Agente registrado e inicializado: CacheAgent
[2026-06-13 07:01:02] [DEBUG] Agente registrado e inicializado: ExecutorAgent
[2026-06-13 07:01:02] [DEBUG] Agente registrado e inicializado: AnalystAgent
[2026-06-13 07:01:02] [DEBUG] Agente registrado e inicializado: OptimizerAgent
[2026-06-13 07:01:02] [DEBUG] Agente registrado e inicializado: CleanerAgent
[2026-06-13 07:01:02] [DEBUG] [gatewayagent_6a2d548e33bf02.15481073] Procesando evento del tipo: system.boot
[2026-06-13 07:01:02] [INFO] [gatewayagent_6a2d548e33bf02.15481073] Gateway listo para recibir tráfico.
[2026-06-13 07:01:02] [WARNING] [memoryagent_6a2d548e33c391.57114119] No se pudo conectar a la base de datos: SQLSTATE[HY000] [1045] Access denied for user 'jah_user'@'localhost' (using password: NO)
[2026-06-13 07:01:02] [INFO] [memoryagent_6a2d548e33c391.57114119] Memory Agent conectado a base de datos.
[2026-06-13 07:01:02] [WARNING] [memoryagent_6a2d548e33c391.57114119] Base de datos no disponible. Ignorando guardado de evento: system.boot
[2026-06-13 07:01:02] [INFO] [observeragent_6a2d548e33c999.20784915] Observer Agent monitoreando el sistema.
[2026-06-13 07:01:02] [INFO] [predictoragent_6a2d548e33cdd0.09847601] Predictor Agent inicializado y listo para pronosticar.
[2026-06-13 07:01:02] [INFO] [orchestratoragent_6a2d548e33d401.15137203] Orchestrator Agent listo para delegar trabajo.
[2026-06-13 07:01:02] [INFO] [networkagent_6a2d548e33d7a8.55657542] Network Agent listo para operaciones de red.
[2026-06-13 07:01:02] [INFO] [cacheagent_6a2d548e33dfc1.01886801] Cache Agent inicializado en la ruta: /home/salkesme/Documentos/jah/jah php/cache/store
[2026-06-13 07:01:02] [INFO] [executoragent_6a2d548e33e471.73859178] Executor Agent inicializado. Comandos vigilados.
[2026-06-13 07:01:02] [INFO] [analystagent_6a2d548e33e743.05406125] Analyst Agent listo para auditar el rendimiento.
[2026-06-13 07:01:02] [INFO] [optimizeragent_6a2d548e33ea77.87906150] Optimizer Agent analizando patrones del sistema.
[2026-06-13 07:01:02] [INFO] [cleaneragent_6a2d548e33ee79.81284310] Cleaner Agent inicializado. Vigilando recursos basura.
[2026-06-13 07:01:02] [DEBUG] [observeragent_6a2d548e33c999.20784915] Métricas obtenidas: CPU Load: 1.0771484375, 0.724609375, 0.59912109375 | RAM Libre: 56582 MB | Disco Libre: 72.53 GB
[2026-06-13 07:01:02] [DEBUG] [gatewayagent_6a2d548e33bf02.15481073] Procesando evento del tipo: gateway.inbound
[2026-06-13 07:01:02] [INFO] [gatewayagent_6a2d548e33bf02.15481073] Petición validada correctamente: test
[2026-06-13 07:01:02] [WARNING] [memoryagent_6a2d548e33c391.57114119] No se pudo conectar a la base de datos: SQLSTATE[HY000] [1045] Access denied for user 'jah_user'@'localhost' (using password: NO)
[2026-06-13 07:01:02] [WARNING] [memoryagent_6a2d548e33c391.57114119] Base de datos no disponible. Ignorando guardado de evento: gateway.validated
[2026-06-13 07:01:02] [INFO] [predictoragent_6a2d548e33cdd0.09847601] Evaluando recursos y decidiendo estrategia para la acción: test
[2026-06-13 07:01:02] [INFO] [predictoragent_6a2d548e33cdd0.09847601] Estrategia decidida: Workers recomendados: 1 | Prioridad: medium | Delay: 0 ms
[2026-06-13 07:01:02] [INFO] [orchestratoragent_6a2d548e33d401.15137203] Orquestando tareas para: test. Dividiendo en 1 sub-tareas.
[2026-06-13 07:01:02] [DEBUG] [orchestratoragent_6a2d548e33d401.15137203] Despachando sub-tarea #0 para el trabajo job_6a2d548e3457a0.00235521
[2026-06-13 07:01:02] [DEBUG] [workeragent_6a2d548e33dc22.63725520] Iniciando tarea #0 (tipo: test) del Job job_6a2d548e3457a0.00235521
[2026-06-13 07:01:02] [DEBUG] [workeragent_6a2d548e33dc22.63725520] Tarea #0 completada con éxito.
[2026-06-13 07:01:02] [DEBUG] [orchestratoragent_6a2d548e33d401.15137203] Progreso de Job job_6a2d548e3457a0.00235521: Completados: 1/1 (Pendientes: 0, Fallidos: 0)
[2026-06-13 07:01:02] [INFO] [orchestratoragent_6a2d548e33d401.15137203] ¡Job job_6a2d548e3457a0.00235521 finalizado completamente!
[2026-06-13 07:01:02] [INFO] [analystagent_6a2d548e33e743.05406125] Analizando rendimiento del Job: job_6a2d548e3457a0.00235521 (acción: test)
[2026-06-13 07:01:02] [WARNING] [memoryagent_6a2d548e33c391.57114119] No se pudo conectar a la base de datos: SQLSTATE[HY000] [1045] Access denied for user 'jah_user'@'localhost' (using password: NO)
[2026-06-13 07:01:02] [WARNING] [memoryagent_6a2d548e33c391.57114119] Base de datos no disponible. Ignorando guardado de evento: analyst.report
[2026-06-13 07:01:02] [DEBUG] [workeragent_6a2d548e33dc22.63725520] Worker destruido.
[2026-06-13 07:01:02] [DEBUG] Agente detenido: GatewayAgent
[2026-06-13 07:01:02] [DEBUG] Agente detenido: MemoryAgent
[2026-06-13 07:01:02] [DEBUG] Agente detenido: ObserverAgent
[2026-06-13 07:01:02] [DEBUG] Agente detenido: PredictorAgent
[2026-06-13 07:01:02] [DEBUG] Agente detenido: OrchestratorAgent
[2026-06-13 07:01:02] [DEBUG] Agente detenido: NetworkAgent
[2026-06-13 07:01:02] [DEBUG] Agente detenido: WorkerAgent
[2026-06-13 07:01:02] [DEBUG] Agente detenido: CacheAgent
[2026-06-13 07:01:02] [DEBUG] Agente detenido: ExecutorAgent
[2026-06-13 07:01:02] [DEBUG] Agente detenido: AnalystAgent
[2026-06-13 07:01:02] [DEBUG] Agente detenido: OptimizerAgent
[2026-06-13 07:01:02] [DEBUG] Agente detenido: CleanerAgent
[2026-06-13 07:01:02] [INFO] Motor JAH detenido.
[2026-06-13 07:05:22] [INFO] Motor JAH inicializado correctamente (v0.1.0)
[2026-06-13 07:05:22] [DEBUG] Agente registrado e inicializado: GatewayAgent
[2026-06-13 07:05:22] [DEBUG] Agente registrado e inicializado: MemoryAgent
[2026-06-13 07:05:22] [DEBUG] Agente registrado e inicializado: ObserverAgent
[2026-06-13 07:05:22] [DEBUG] Agente registrado e inicializado: PredictorAgent
[2026-06-13 07:05:22] [DEBUG] Agente registrado e inicializado: OrchestratorAgent
[2026-06-13 07:05:22] [DEBUG] Agente registrado e inicializado: NetworkAgent
[2026-06-13 07:05:22] [DEBUG] Agente registrado e inicializado: WorkerAgent
[2026-06-13 07:05:22] [DEBUG] Agente registrado e inicializado: CacheAgent
[2026-06-13 07:05:22] [DEBUG] Agente registrado e inicializado: ExecutorAgent
[2026-06-13 07:05:22] [DEBUG] Agente registrado e inicializado: AnalystAgent
[2026-06-13 07:05:22] [DEBUG] Agente registrado e inicializado: OptimizerAgent
[2026-06-13 07:05:22] [DEBUG] Agente registrado e inicializado: CleanerAgent
[2026-06-13 07:05:22] [DEBUG] [gatewayagent_6a2d55928c2da0.53265868] Procesando evento del tipo: system.boot
[2026-06-13 07:05:22] [INFO] [gatewayagent_6a2d55928c2da0.53265868] Gateway listo para recibir tráfico.
[2026-06-13 07:05:22] [INFO] [memoryagent_6a2d55928c3216.97994774] Memory Agent conectado a base de datos.
[2026-06-13 07:05:22] [INFO] [observeragent_6a2d55928c37a3.13412054] Observer Agent monitoreando el sistema.
[2026-06-13 07:05:22] [INFO] [predictoragent_6a2d55928c3b57.39066574] Predictor Agent inicializado y listo para pronosticar.
[2026-06-13 07:05:22] [INFO] [orchestratoragent_6a2d55928c40f6.04810508] Orchestrator Agent listo para delegar trabajo.
[2026-06-13 07:05:22] [INFO] [networkagent_6a2d55928c4466.61853873] Network Agent listo para operaciones de red.
[2026-06-13 07:05:22] [INFO] [cacheagent_6a2d55928c4bf3.43739067] Cache Agent inicializado en la ruta: /home/salkesme/Documentos/jah/jah php/cache/store
[2026-06-13 07:05:22] [INFO] [executoragent_6a2d55928c5019.13887530] Executor Agent inicializado. Comandos vigilados.
[2026-06-13 07:05:22] [INFO] [analystagent_6a2d55928c52a2.63332835] Analyst Agent listo para auditar el rendimiento.
[2026-06-13 07:05:22] [INFO] [optimizeragent_6a2d55928c5597.63153803] Optimizer Agent analizando patrones del sistema.
[2026-06-13 07:05:22] [INFO] [cleaneragent_6a2d55928c5928.50929834] Cleaner Agent inicializado. Vigilando recursos basura.
[2026-06-13 07:05:22] [DEBUG] [observeragent_6a2d55928c37a3.13412054] Métricas obtenidas: CPU Load: 0.64990234375, 0.77392578125, 0.65771484375 | RAM Libre: 56436 MB | Disco Libre: 72.53 GB
[2026-06-13 07:05:22] [DEBUG] [gatewayagent_6a2d55928c2da0.53265868] Procesando evento del tipo: gateway.inbound
[2026-06-13 07:05:22] [INFO] [gatewayagent_6a2d55928c2da0.53265868] Petición validada correctamente: test
[2026-06-13 07:05:22] [INFO] [predictoragent_6a2d55928c3b57.39066574] Evaluando recursos y decidiendo estrategia para la acción: test
[2026-06-13 07:05:22] [INFO] [predictoragent_6a2d55928c3b57.39066574] Estrategia decidida: Workers recomendados: 1 | Prioridad: medium | Delay: 0 ms
[2026-06-13 07:05:22] [INFO] [orchestratoragent_6a2d55928c40f6.04810508] Orquestando tareas para: test. Dividiendo en 1 sub-tareas.
[2026-06-13 07:05:22] [DEBUG] [orchestratoragent_6a2d55928c40f6.04810508] Despachando sub-tarea #0 para el trabajo job_6a2d55928d6a05.45468222
[2026-06-13 07:05:22] [DEBUG] [workeragent_6a2d55928c4862.67245746] Iniciando tarea #0 (tipo: test) del Job job_6a2d55928d6a05.45468222
[2026-06-13 07:05:22] [DEBUG] [workeragent_6a2d55928c4862.67245746] Tarea #0 completada con éxito.
[2026-06-13 07:05:22] [DEBUG] [orchestratoragent_6a2d55928c40f6.04810508] Progreso de Job job_6a2d55928d6a05.45468222: Completados: 1/1 (Pendientes: 0, Fallidos: 0)
[2026-06-13 07:05:22] [INFO] [orchestratoragent_6a2d55928c40f6.04810508] ¡Job job_6a2d55928d6a05.45468222 finalizado completamente!
[2026-06-13 07:05:22] [INFO] [analystagent_6a2d55928c52a2.63332835] Analizando rendimiento del Job: job_6a2d55928d6a05.45468222 (acción: test)
[2026-06-13 07:05:22] [DEBUG] [workeragent_6a2d55928c4862.67245746] Worker destruido.
[2026-06-13 07:05:22] [DEBUG] Agente detenido: GatewayAgent
[2026-06-13 07:05:22] [DEBUG] Agente detenido: MemoryAgent
[2026-06-13 07:05:22] [DEBUG] Agente detenido: ObserverAgent
[2026-06-13 07:05:22] [DEBUG] Agente detenido: PredictorAgent
[2026-06-13 07:05:22] [DEBUG] Agente detenido: OrchestratorAgent
[2026-06-13 07:05:22] [DEBUG] Agente detenido: NetworkAgent
[2026-06-13 07:05:22] [DEBUG] Agente detenido: WorkerAgent
[2026-06-13 07:05:22] [DEBUG] Agente detenido: CacheAgent
[2026-06-13 07:05:22] [DEBUG] Agente detenido: ExecutorAgent
[2026-06-13 07:05:22] [DEBUG] Agente detenido: AnalystAgent
[2026-06-13 07:05:22] [DEBUG] Agente detenido: OptimizerAgent
[2026-06-13 07:05:22] [DEBUG] Agente detenido: CleanerAgent
[2026-06-13 07:05:22] [INFO] Motor JAH detenido.
[2026-06-26 01:42:41] [WARNING] [memoryagent_6a3dd9114cd921.75540757] No se pudo conectar a la base de datos: JAH_DB_PASS is required for database connections.
[2026-06-26 01:42:41] [WARNING] [memoryagent_6a3dd9114cd921.75540757] Memory Agent sin base de datos. Persistencia desactivada.
[2026-06-26 01:42:41] [WARNING] [memoryagent_6a3dd9114cd921.75540757] No se pudo conectar a la base de datos: JAH_DB_PASS is required for database connections.
[2026-06-26 01:42:41] [WARNING] [memoryagent_6a3dd9114fa456.15336321] No se pudo conectar a la base de datos: JAH_DB_PASS is required for database connections.
[2026-06-26 01:42:41] [WARNING] [memoryagent_6a3dd9114fa456.15336321] Memory Agent sin base de datos. Persistencia desactivada.
[2026-06-26 01:42:41] [WARNING] [memoryagent_6a3dd911516f37.06943550] No se pudo conectar a la base de datos: JAH_DB_PASS is required for database connections.
[2026-06-26 01:42:41] [WARNING] [memoryagent_6a3dd911516f37.06943550] Memory Agent sin base de datos. Persistencia desactivada.
[2026-06-26 01:42:41] [WARNING] [memoryagent_6a3dd91152f7f7.55212783] No se pudo conectar a la base de datos: JAH_DB_PASS is required for database connections.
[2026-06-26 01:42:41] [WARNING] [memoryagent_6a3dd91152f7f7.55212783] Memory Agent sin base de datos. Persistencia desactivada.
[2026-06-26 01:50:14] [WARNING] [memoryagent_6a3ddad6835240.07185071] No se pudo conectar a la base de datos: JAH_DB_PASS is required for database connections.
[2026-06-26 01:50:14] [WARNING] [memoryagent_6a3ddad6835240.07185071] Memory Agent sin base de datos. Persistencia desactivada.
[2026-06-26 01:50:14] [WARNING] [memoryagent_6a3ddad6835240.07185071] No se pudo conectar a la base de datos: JAH_DB_PASS is required for database connections.
[2026-06-26 01:50:14] [WARNING] [memoryagent_6a3ddad6862279.03916878] No se pudo conectar a la base de datos: JAH_DB_PASS is required for database connections.
[2026-06-26 01:50:14] [WARNING] [memoryagent_6a3ddad6862279.03916878] Memory Agent sin base de datos. Persistencia desactivada.
[2026-06-26 01:50:14] [WARNING] [memoryagent_6a3ddad687c8b2.37062514] No se pudo conectar a la base de datos: JAH_DB_PASS is required for database connections.
[2026-06-26 01:50:14] [WARNING] [memoryagent_6a3ddad687c8b2.37062514] Memory Agent sin base de datos. Persistencia desactivada.
[2026-06-26 01:51:17] [WARNING] [memoryagent_6a3ddb15a51026.21735347] No se pudo conectar a la base de datos: JAH_DB_PASS is required for database connections.
[2026-06-26 01:51:17] [WARNING] [memoryagent_6a3ddb15a51026.21735347] Memory Agent sin base de datos. Persistencia desactivada.
[2026-06-26 01:51:17] [WARNING] [memoryagent_6a3ddb15a51026.21735347] No se pudo conectar a la base de datos: JAH_DB_PASS is required for database connections.
[2026-06-26 01:51:17] [WARNING] [memoryagent_6a3ddb15a7aef9.44876527] No se pudo conectar a la base de datos: JAH_DB_PASS is required for database connections.
[2026-06-26 01:51:17] [WARNING] [memoryagent_6a3ddb15a7aef9.44876527] Memory Agent sin base de datos. Persistencia desactivada.
[2026-06-26 01:51:54] [WARNING] [memoryagent_6a3ddb3acfc7f7.51119533] No se pudo conectar a la base de datos: JAH_DB_PASS is required for database connections.
[2026-06-26 01:51:54] [WARNING] [memoryagent_6a3ddb3acfc7f7.51119533] Memory Agent sin base de datos. Persistencia desactivada.
[2026-06-26 01:51:54] [WARNING] [memoryagent_6a3ddb3acfc7f7.51119533] No se pudo conectar a la base de datos: JAH_DB_PASS is required for database connections.
[2026-06-26 01:51:54] [WARNING] [memoryagent_6a3ddb3ad2ba23.80020050] No se pudo conectar a la base de datos: JAH_DB_PASS is required for database connections.
[2026-06-26 01:51:54] [WARNING] [memoryagent_6a3ddb3ad2ba23.80020050] Memory Agent sin base de datos. Persistencia desactivada.
[2026-06-26 01:53:05] [WARNING] [memoryagent_6a3ddb8194bca3.28554659] No se pudo conectar a la base de datos: JAH_DB_PASS is required for database connections.
[2026-06-26 01:53:05] [WARNING] [memoryagent_6a3ddb8194bca3.28554659] Memory Agent sin base de datos. Persistencia desactivada.
[2026-06-26 01:53:05] [WARNING] [memoryagent_6a3ddb8194bca3.28554659] No se pudo conectar a la base de datos: JAH_DB_PASS is required for database connections.
[2026-06-26 01:53:05] [WARNING] [memoryagent_6a3ddb8197b293.39280409] No se pudo conectar a la base de datos: JAH_DB_PASS is required for database connections.
[2026-06-26 01:53:05] [WARNING] [memoryagent_6a3ddb8197b293.39280409] Memory Agent sin base de datos. Persistencia desactivada.
[2026-06-26 02:12:03] [WARNING] [memoryagent_6a3ddff31e41d5.07433131] No se pudo conectar a la base de datos: JAH_DB_PASS is required for database connections.
[2026-06-26 02:12:03] [WARNING] [memoryagent_6a3ddff31e41d5.07433131] Memory Agent sin base de datos. Persistencia desactivada.
[2026-06-26 02:12:03] [WARNING] [memoryagent_6a3ddff31e41d5.07433131] No se pudo conectar a la base de datos: JAH_DB_PASS is required for database connections.
[2026-06-26 02:12:03] [WARNING] [memoryagent_6a3ddff3213ec9.63216040] No se pudo conectar a la base de datos: JAH_DB_PASS is required for database connections.
[2026-06-26 02:12:03] [WARNING] [memoryagent_6a3ddff3213ec9.63216040] Memory Agent sin base de datos. Persistencia desactivada.
[2026-06-26 02:14:11] [WARNING] [memoryagent_6a3de0734438b8.72103728] No se pudo conectar a la base de datos: JAH_DB_PASS is required for database connections.
[2026-06-26 02:14:11] [WARNING] [memoryagent_6a3de0734438b8.72103728] Memory Agent sin base de datos. Persistencia desactivada.
[2026-06-26 02:14:11] [WARNING] [memoryagent_6a3de0734438b8.72103728] No se pudo conectar a la base de datos: JAH_DB_PASS is required for database connections.
[2026-06-26 02:14:11] [WARNING] [memoryagent_6a3de073471317.63585107] No se pudo conectar a la base de datos: JAH_DB_PASS is required for database connections.
[2026-06-26 02:14:11] [WARNING] [memoryagent_6a3de073471317.63585107] Memory Agent sin base de datos. Persistencia desactivada.
[2026-06-26 02:18:30] [WARNING] [memoryagent_6a3de176682e31.55807692] No se pudo conectar a la base de datos: JAH_DB_PASS is required for database connections.
[2026-06-26 02:18:30] [WARNING] [memoryagent_6a3de176682e31.55807692] Memory Agent sin base de datos. Persistencia desactivada.
[2026-06-26 02:18:30] [WARNING] [memoryagent_6a3de176682e31.55807692] No se pudo conectar a la base de datos: JAH_DB_PASS is required for database connections.
[2026-06-26 02:18:30] [WARNING] [memoryagent_6a3de1766b05d8.56396343] No se pudo conectar a la base de datos: JAH_DB_PASS is required for database connections.
[2026-06-26 02:18:30] [WARNING] [memoryagent_6a3de1766b05d8.56396343] Memory Agent sin base de datos. Persistencia desactivada.
[2026-06-26 02:23:02] [WARNING] [memoryagent_6a3de286450540.17277410] No se pudo conectar a la base de datos: JAH_DB_PASS is required for database connections.
[2026-06-26 02:23:02] [WARNING] [memoryagent_6a3de286450540.17277410] Memory Agent sin base de datos. Persistencia desactivada.
[2026-06-26 02:23:02] [WARNING] [memoryagent_6a3de286450540.17277410] No se pudo conectar a la base de datos: JAH_DB_PASS is required for database connections.
[2026-06-26 02:23:02] [WARNING] [memoryagent_6a3de28647c895.34256516] No se pudo conectar a la base de datos: JAH_DB_PASS is required for database connections.
[2026-06-26 02:23:02] [WARNING] [memoryagent_6a3de28647c895.34256516] Memory Agent sin base de datos. Persistencia desactivada.
[2026-06-26 02:24:59] [WARNING] [memoryagent_6a3de2fb1d88d2.77639556] No se pudo conectar a la base de datos: JAH_DB_PASS is required for database connections.
[2026-06-26 02:24:59] [WARNING] [memoryagent_6a3de2fb1d88d2.77639556] Memory Agent sin base de datos. Persistencia desactivada.
[2026-06-26 02:24:59] [WARNING] [memoryagent_6a3de2fb1d88d2.77639556] No se pudo conectar a la base de datos: JAH_DB_PASS is required for database connections.
[2026-06-26 02:24:59] [WARNING] [memoryagent_6a3de2fb2094c4.41629248] No se pudo conectar a la base de datos: JAH_DB_PASS is required for database connections.
[2026-06-26 02:24:59] [WARNING] [memoryagent_6a3de2fb2094c4.41629248] Memory Agent sin base de datos. Persistencia desactivada.
[2026-06-26 02:27:35] [WARNING] [memoryagent_6a3de397935787.12198556] No se pudo conectar a la base de datos: JAH_DB_PASS is required for database connections.
[2026-06-26 02:27:35] [WARNING] [memoryagent_6a3de397935787.12198556] Memory Agent sin base de datos. Persistencia desactivada.
[2026-06-26 02:27:35] [WARNING] [memoryagent_6a3de397935787.12198556] No se pudo conectar a la base de datos: JAH_DB_PASS is required for database connections.
[2026-06-26 02:27:35] [WARNING] [memoryagent_6a3de3979625e9.25022869] No se pudo conectar a la base de datos: JAH_DB_PASS is required for database connections.
[2026-06-26 02:27:35] [WARNING] [memoryagent_6a3de3979625e9.25022869] Memory Agent sin base de datos. Persistencia desactivada.
[2026-06-26 02:42:55] [WARNING] [memoryagent_6a3de72fbccc66.97520078] No se pudo conectar a la base de datos: JAH_DB_PASS is required for database connections.
[2026-06-26 02:42:55] [WARNING] [memoryagent_6a3de72fbccc66.97520078] Memory Agent sin base de datos. Persistencia desactivada.
[2026-06-26 02:42:55] [WARNING] [memoryagent_6a3de72fbccc66.97520078] No se pudo conectar a la base de datos: JAH_DB_PASS is required for database connections.
[2026-06-26 02:42:55] [WARNING] [memoryagent_6a3de72fbf8f77.09608921] No se pudo conectar a la base de datos: JAH_DB_PASS is required for database connections.
[2026-06-26 02:42:55] [WARNING] [memoryagent_6a3de72fbf8f77.09608921] Memory Agent sin base de datos. Persistencia desactivada.
[2026-06-26 02:43:55] [WARNING] [memoryagent_6a3de76b3c56e4.22195708] No se pudo conectar a la base de datos: JAH_DB_PASS is required for database connections.
[2026-06-26 02:43:55] [WARNING] [memoryagent_6a3de76b3c56e4.22195708] Memory Agent sin base de datos. Persistencia desactivada.
[2026-06-26 02:43:55] [WARNING] [memoryagent_6a3de76b3c56e4.22195708] No se pudo conectar a la base de datos: JAH_DB_PASS is required for database connections.
[2026-06-26 02:43:55] [WARNING] [memoryagent_6a3de76b3f7818.82130103] No se pudo conectar a la base de datos: JAH_DB_PASS is required for database connections.
[2026-06-26 02:43:55] [WARNING] [memoryagent_6a3de76b3f7818.82130103] Memory Agent sin base de datos. Persistencia desactivada.
[2026-06-26 02:44:09] [WARNING] [memoryagent_6a3de779f06366.67732381] No se pudo conectar a la base de datos: JAH_DB_PASS is required for database connections.
[2026-06-26 02:44:09] [WARNING] [memoryagent_6a3de779f06366.67732381] Memory Agent sin base de datos. Persistencia desactivada.
[2026-06-26 02:44:52] [WARNING] [memoryagent_6a3de7a449e370.42954466] No se pudo conectar a la base de datos: JAH_DB_PASS is required for database connections.
[2026-06-26 02:44:52] [WARNING] [memoryagent_6a3de7a449e370.42954466] Memory Agent sin base de datos. Persistencia desactivada.
[2026-06-26 02:44:52] [WARNING] [memoryagent_6a3de7a449e370.42954466] No se pudo conectar a la base de datos: JAH_DB_PASS is required for database connections.
[2026-06-26 02:46:23] [WARNING] [memoryagent_6a3de7fff2eef0.88200527] No se pudo conectar a la base de datos: JAH_DB_PASS is required for database connections.
[2026-06-26 02:46:23] [WARNING] [memoryagent_6a3de7fff2eef0.88200527] Memory Agent sin base de datos. Persistencia desactivada.
[2026-06-26 02:46:23] [WARNING] [memoryagent_6a3de7fff2eef0.88200527] No se pudo conectar a la base de datos: JAH_DB_PASS is required for database connections.
[2026-06-26 02:46:24] [WARNING] [memoryagent_6a3de8000196d2.95490550] No se pudo conectar a la base de datos: JAH_DB_PASS is required for database connections.
[2026-06-26 02:46:24] [WARNING] [memoryagent_6a3de8000196d2.95490550] Memory Agent sin base de datos. Persistencia desactivada.
